c:\users\ashle_000\documents\projects\cpsc453-04\assignment1\release\vc120.pdb
c:\users\ashle_000\documents\projects\cpsc453-04\assignment1\release\main.obj
c:\users\ashle_000\documents\projects\cpsc453-04\assignment1\release\imagebuffer.obj
c:\users\ashle_000\documents\projects\cpsc453-05\assignment1\release\vc120.pdb
c:\users\ashle_000\documents\projects\cpsc453-05\assignment1\release\imagereader.obj
c:\users\ashle_000\documents\projects\cpsc453-05\assignment1\release\main.obj
c:\users\ashle_000\documents\projects\cpsc587-01\assignment1\release\vc120.pdb
c:\users\ashle_000\documents\projects\cpsc587-01\assignment1\release\texture.obj
c:\users\ashle_000\documents\projects\cpsc587-01\assignment1\release\node.obj
c:\users\ashle_000\documents\projects\cpsc587-01\assignment1\release\main.obj
c:\users\ashle_000\documents\projects\cpsc453-04\release\assignment4.exe
c:\users\ashle_000\documents\projects\cpsc453-04\release\assignment4.pdb
c:\users\ashle_000\documents\projects\cpsc453-05\release\assignment4.exe
c:\users\ashle_000\documents\projects\cpsc453-05\release\assignment4.pdb
c:\users\ashle_000\documents\projects\cpsc587-01\release\assignment4.exe
c:\users\ashle_000\documents\projects\cpsc587-01\release\assignment4.pdb
c:\users\ashle_000\documents\projects\cpsc587-01\assignment1\release\imagereader.obj
c:\users\ashle_000\documents\projects\cpsc587-01\assignment1\release\assignment4.tlog\cl.command.1.tlog
c:\users\ashle_000\documents\projects\cpsc587-01\assignment1\release\assignment4.tlog\cl.read.1.tlog
c:\users\ashle_000\documents\projects\cpsc587-01\assignment1\release\assignment4.tlog\cl.write.1.tlog
c:\users\ashle_000\documents\projects\cpsc587-01\assignment1\release\assignment4.tlog\link.command.1.tlog
c:\users\ashle_000\documents\projects\cpsc587-01\assignment1\release\assignment4.tlog\link.read.1.tlog
c:\users\ashle_000\documents\projects\cpsc587-01\assignment1\release\assignment4.tlog\link.write.1.tlog
